<?xml version="1.0" encoding="UTF-8"?>
<testsuite xmlns:xsi="http://www.w3.org/2001/XMLSchema-instance" xsi:noNamespaceSchemaLocation="https://maven.apache.org/surefire/maven-surefire-plugin/xsd/surefire-test-report.xsd" version="3.0.2" name="com.message_clasificator.MessageClasificatorApplicationTests" time="6.64" tests="1" errors="0" skipped="0" failures="0" flakes="0">
  <properties>
[...]
</properties>
  <testcase name="contextLoads" classname="com.message_clasificator.MessageClasificatorApplicationTests" time="1.755">
    <system-out><![CDATA[11:33:34.487 [main] INFO org.springframework.test.context.support.AnnotationConfigContextLoaderUtils -- Could not detect default configuration classes for test class [com.message_clasificator.MessageClasificatorApplicationTests]: MessageClasificatorApplicationTests does not declare any static, non-private, non-final, nested classes annotated with @Configuration.
11:33:34.841 [main] INFO org.springframework.boot.test.context.SpringBootTestContextBootstrapper -- Found @SpringBootConfiguration com.message_clasificator.MessageClasificatorApplication for test class com.message_clasificator.MessageClasificatorApplicationTests
11:33:35.123 [main] INFO org.springframework.test.context.support.AnnotationConfigContextLoaderUtils -- Could not detect default configuration classes for test class [com.message_clasificator.MessageClasificatorApplicationTests]: MessageClasificatorApplicationTests does not declare any static, non-private, non-final, nested classes annotated with @Configuration.
11:33:35.127 [main] INFO org.springframework.boot.test.context.SpringBootTestContextBootstrapper -- Found @SpringBootConfiguration com.message_clasificator.MessageClasificatorApplication for test class com.message_clasificator.MessageClasificatorApplicationTests

  .   ____          _            __ _ _
 /\\ / ___'_ __ _ _(_)_ __  __ _ \ \ \ \
( ( )\___ | '_ | '_| | '_ \/ _` | \ \ \ \
 \\/  ___)| |_)| | | | | || (_| |  ) ) ) )
  '  |____| .__|_| |_|_| |_\__, | / / / /
 =========|_|==============|___/=/_/_/_/

 :: Spring Boot ::                (v4.0.6)

2026-04-27T11:33:35.928-03:00  INFO 10628 --- [messageClasificator] [           main] c.m.MessageClasificatorApplicationTests  : Starting MessageClasificatorApplicationTests using Java 24.0.2 with PID 10628 (started by Work Station in C:\Users\Work Station\Downloads\messageClasificator)
2026-04-27T11:33:35.933-03:00  INFO 10628 --- [messageClasificator] [           main] c.m.MessageClasificatorApplicationTests  : No active profile set, falling back to 1 default profile: "default"
2026-04-27T11:33:38.835-03:00  INFO 10628 --- [messageClasificator] [           main] c.m.MessageClasificatorApplicationTests  : Started MessageClasificatorApplicationTests in 3.544 seconds (process running for 6.433)
]]></system-out>
    <system-err><![CDATA[Mockito is currently self-attaching to enable the inline-mock-maker. This will no longer work in future releases of the JDK. Please add Mockito as an agent to your build as described in Mockito's documentation: https://javadoc.io/doc/org.mockito/mockito-core/latest/org.mockito/org/mockito/Mockito.html#0.3
WARNING: A Java agent has been loaded dynamically (C:\Users\Work Station\.m2\repository\net\bytebuddy\byte-buddy-agent\1.17.8\byte-buddy-agent-1.17.8.jar)
WARNING: If a serviceability tool is in use, please run with -XX:+EnableDynamicAgentLoading to hide this warning
WARNING: If a serviceability tool is not in use, please run with -Djdk.instrument.traceUsage for more information
WARNING: Dynamic loading of agents will be disallowed by default in a future release
]]></system-err>
  </testcase>
</testsuite>